<?xml version="1.0" encoding="UTF-8"?>
<!-- Generated by org.testng.reporters.JUnitReportReporter -->
<testsuite skipped="0" hostname="administ-PC" name="browsertest.normalflowofbrowser" tests="2" failures="0" timestamp="08 May 2018 03:54:49 GMT" time="16.545" errors="0">
  <testcase name="launchFacebook" time="8.215" classname="browsertest.normalflowofbrowser"/>
  <testcase name="launchGoogle" time="8.330" classname="browsertest.normalflowofbrowser"/>
</testsuite> <!-- browsertest.normalflowofbrowser -->
