<?xml version="1.0" encoding="UTF-8"?>
<!-- Generated by org.testng.reporters.JUnitReportReporter -->
<testsuite skipped="0" hostname="administ-PC" name="Testcase.demo" tests="1" failures="0" timestamp="30 Apr 2018 07:36:04 GMT" time="0.074" errors="0">
  <testcase name="add" time="0.074" classname="Testcase.demo"/>
</testsuite> <!-- Testcase.demo -->
