<?xml version="1.0" encoding="UTF-8"?>
<!-- Generated by org.testng.reporters.JUnitReportReporter -->
<testsuite skipped="0" hostname="administ-PC" name="Testcase.c" tests="2" failures="0" timestamp="08 May 2018 03:49:30 GMT" time="25.754" errors="0">
  <testcase name="facebbokapplication" time="15.137" classname="Testcase.c"/>
  <testcase name="application" time="10.617" classname="Testcase.c"/>
</testsuite> <!-- Testcase.c -->
