<?xml version="1.0" encoding="UTF-8"?>
<!-- Generated by org.testng.reporters.JUnitReportReporter -->
<testsuite skipped="1" hostname="administ-PC" name="Amazon.QA.Testcase.yoursAmezanIN" tests="1" failures="0" timestamp="14 May 2018 16:36:36 GMT" time="0.000" errors="0">
  <testcase name="product_addtocart" time="0.000" classname="Amazon.QA.Testcase.yoursAmezanIN">
    <skipped/>
  </testcase> <!-- product_addtocart -->
</testsuite> <!-- Amazon.QA.Testcase.yoursAmezanIN -->
