<?xml version="1.0" encoding="UTF-8"?>
<!-- Generated by org.testng.reporters.JUnitReportReporter -->
<testsuite skipped="2" hostname="administ-PC" name="Amazon.QA.Testcase.YourList_page" tests="2" failures="0" timestamp="14 May 2018 16:36:36 GMT" time="0.000" errors="0">
  <testcase name="createWishList" time="0.000" classname="Amazon.QA.Testcase.YourList_page">
    <skipped/>
  </testcase> <!-- createWishList -->
  <testcase name="FriendsWishList" time="0.000" classname="Amazon.QA.Testcase.YourList_page">
    <skipped/>
  </testcase> <!-- FriendsWishList -->
</testsuite> <!-- Amazon.QA.Testcase.YourList_page -->
