<?xml version="1.0" encoding="UTF-8"?>
<!-- Generated by org.testng.reporters.JUnitReportReporter -->
<testsuite skipped="0" hostname="administ-PC" name="Amazon.QA.Testcase.CustomerServicepage" tests="7" failures="0" timestamp="24 May 2018 13:57:25 GMT" time="32.484" errors="0">
  <testcase name="customerservice_page" time="3.670" classname="Amazon.QA.Testcase.CustomerServicepage"/>
  <testcase name="yourorderpage" time="3.759" classname="Amazon.QA.Testcase.CustomerServicepage"/>
  <testcase name="return_and_refund" time="4.999" classname="Amazon.QA.Testcase.CustomerServicepage"/>
  <testcase name="managAddresspage" time="3.847" classname="Amazon.QA.Testcase.CustomerServicepage"/>
  <testcase name="manageprimepage" time="5.025" classname="Amazon.QA.Testcase.CustomerServicepage"/>
  <testcase name="paymentsetting" time="7.581" classname="Amazon.QA.Testcase.CustomerServicepage"/>
  <testcase name="accoundsettingpage" time="3.603" classname="Amazon.QA.Testcase.CustomerServicepage"/>
</testsuite> <!-- Amazon.QA.Testcase.CustomerServicepage -->
