<?xml version="1.0" encoding="UTF-8"?>
<!-- Generated by org.testng.reporters.JUnitReportReporter -->
<testsuite skipped="0" hostname="administ-PC" name="Amazon.QA.Testcase.sellpage" tests="1" failures="0" timestamp="24 May 2018 14:08:48 GMT" time="23.278" errors="0">
  <testcase name="sellpagefunction" time="23.278" classname="Amazon.QA.Testcase.sellpage"/>
</testsuite> <!-- Amazon.QA.Testcase.sellpage -->
