<?xml version="1.0" encoding="UTF-8"?>
<!-- Generated by org.testng.reporters.JUnitReportReporter -->
<testsuite skipped="0" hostname="administ-PC" name="Testcase.Homepage" tests="2" failures="0" timestamp="01 May 2018 19:34:33 GMT" time="79.754" errors="0">
  <testcase name="verify_Homepage" time="6.599" classname="Testcase.Homepage"/>
  <testcase name="verify_Homepage_HeaderLink_options" time="73.155" classname="Testcase.Homepage"/>
</testsuite> <!-- Testcase.Homepage -->
