<?xml version="1.0" encoding="UTF-8"?>
<!-- Generated by org.testng.reporters.JUnitReportReporter -->
<testsuite skipped="0" hostname="administ-PC" name="Testcase.category_page" tests="1" failures="0" timestamp="02 May 2018 07:22:44 GMT" time="7.146" errors="0">
  <testcase name="shopCategroy" time="7.146" classname="Testcase.category_page"/>
</testsuite> <!-- Testcase.category_page -->
