<?xml version="1.0" encoding="UTF-8"?>
<!-- Generated by org.testng.reporters.JUnitReportReporter -->
<testsuite skipped="0" hostname="administ-PC" name="Amazon.QA.Testcase.AmazonpayTest" tests="1" failures="0" timestamp="22 May 2018 10:55:16 GMT" time="28.073" errors="0">
  <testcase name="Amazonpayfunction" time="28.073" classname="Amazon.QA.Testcase.AmazonpayTest"/>
</testsuite> <!-- Amazon.QA.Testcase.AmazonpayTest -->
