<?xml version="1.0" encoding="UTF-8"?>
<!-- Generated by org.testng.reporters.JUnitReportReporter -->
<testsuite skipped="0" hostname="administ-PC" name="Amazon.QA.Testcase.Homepage" tests="2" failures="0" timestamp="24 May 2018 13:59:39 GMT" time="65.839" errors="0">
  <testcase name="verify_Homepage" time="5.426" classname="Amazon.QA.Testcase.Homepage"/>
  <testcase name="verify_Homepage_HeaderLink_options" time="60.413" classname="Amazon.QA.Testcase.Homepage"/>
</testsuite> <!-- Amazon.QA.Testcase.Homepage -->
