<?xml version="1.0" encoding="UTF-8"?>
<!-- Generated by org.testng.reporters.JUnitReportReporter -->
<testsuite skipped="0" hostname="administ-PC" name="Amazon.QA.Testcase.Todaydeals" tests="1" failures="0" timestamp="24 May 2018 14:10:32 GMT" time="54.271" errors="0">
  <testcase name="Todayscategory" time="54.271" classname="Amazon.QA.Testcase.Todaydeals"/>
</testsuite> <!-- Amazon.QA.Testcase.Todaydeals -->
